<?xml version="1.0" encoding="UTF-8"?>
<!-- Generated by org.testng.reporters.JUnitReportReporter -->
<testsuite hostname="WKWIN2649591" name="com.learning.examples.Paths.ExPaths" tests="2" failures="0" timestamp="21 Nov 2020 02:44:17 GMT" time="0.011" errors="0">
  <testcase name="f" time="0.008" classname="com.learning.examples.Paths.ExPaths"/>
  <testcase name="givenPathString_whenCreatesPathObject_thenCorrect" time="0.003" classname="com.learning.examples.Paths.ExPaths"/>
</testsuite> <!-- com.learning.examples.Paths.ExPaths -->
