<?xml version="1.0" encoding="UTF-8"?>
<!-- Generated by org.testng.reporters.JUnitReportReporter -->
<testsuite hostname="WKWIN2649591" name="com.learning.examples.Paths.PathToFile" tests="1" failures="0" timestamp="21 Nov 2020 02:47:05 GMT" time="0.009" errors="0">
  <testcase name="givenPathString_whenCreatesPathObject_thenCorrect" time="0.009" classname="com.learning.examples.Paths.PathToFile"/>
</testsuite> <!-- com.learning.examples.Paths.PathToFile -->
